<?xml version="1.0" encoding="UTF-8"?>
<testng-results skipped="0" failed="0" ignored="0" total="1" passed="1">
  <reporter-output>
    <line>
      <![CDATA[chrome launched]]>
    </line>
    <line>
      <![CDATA[Navigating to url]]>
    </line>
    <line>
      <![CDATA[Script passed]]>
    </line>
    <line>
      <![CDATA[browser closed]]>
    </line>
  </reporter-output>
  <suite name="Suite" duration-ms="43966" started-at="2018-06-19T05:28:38Z" finished-at="2018-06-19T05:29:22Z">
    <groups>
    </groups>
    <test name="Test" duration-ms="43966" started-at="2018-06-19T05:28:38Z" finished-at="2018-06-19T05:29:22Z">
      <class name="com.guru.scripts.TasksTest">
        <test-method status="PASS" signature="setUp(java.lang.String)[pri:0, instance:com.guru.scripts.TasksTest@46d56d67]" name="setUp" is-config="true" duration-ms="29160" started-at="2018-06-19T10:58:38Z" finished-at="2018-06-19T10:59:07Z">
          <params>
            <param index="0">
              <value>
                <![CDATA[chrome]]>
              </value>
            </param>
          </params>
          <reporter-output>
            <line>
              <![CDATA[chrome launched]]>
            </line>
            <line>
              <![CDATA[Navigating to url]]>
            </line>
          </reporter-output>
        </test-method> <!-- setUp -->
        <test-method status="PASS" signature="validLoginTest()[pri:1, instance:com.guru.scripts.TasksTest@46d56d67]" name="validLoginTest" duration-ms="14763" started-at="2018-06-19T10:59:07Z" finished-at="2018-06-19T10:59:22Z">
          <reporter-output>
          </reporter-output>
        </test-method> <!-- validLoginTest -->
        <test-method status="PASS" signature="tearDown(org.testng.ITestResult)[pri:0, instance:com.guru.scripts.TasksTest@46d56d67]" name="tearDown" is-config="true" duration-ms="0" started-at="2018-06-19T10:59:22Z" finished-at="2018-06-19T10:59:22Z">
          <params>
            <param index="0">
              <value>
                <![CDATA[[TestResult name=validLoginTest status=SUCCESS method=TasksTest.validLoginTest()[pri:1, instance:com.guru.scripts.TasksTest@46d56d67] output={null}]]]>
              </value>
            </param>
          </params>
          <reporter-output>
            <line>
              <![CDATA[Script passed]]>
            </line>
            <line>
              <![CDATA[browser closed]]>
            </line>
          </reporter-output>
        </test-method> <!-- tearDown -->
      </class> <!-- com.guru.scripts.TasksTest -->
    </test> <!-- Test -->
  </suite> <!-- Suite -->
</testng-results>
